Building DAG of jobs...
Using shell: /usr/bin/bash
Provided cores: 10
Rules claiming more threads will be scaled down.
Job stats:
job                 count
----------------  -------
all                     1
data_prep               1
figure1                 1
figure2                 1
figure3                 1
figure4                 1
figure5                 1
figure6                 1
gsea                    1
gsea_interaction        1
limma                   1
total                  11

Select jobs to execute...

[Fri Oct 10 15:36:03 2025]
rule data_prep:
    input: R/settings.R, data-raw/proteomic_data.csv, data-raw/design.xlsx, data-raw/keywords.xlsx, data-raw/mitocarta.xls
    output: data/metadata.rds, data/se_raw.rds, data/se.rds, data/df_long.rds, data/df_long_l2fc.rds, data/df_long_l2fc_mean.rds
    jobid: 2
    reason: Missing output files: data/df_long_l2fc_mean.rds, data/df_long_l2fc.rds, data/df_long.rds, data/se.rds, data/metadata.rds, data/se_raw.rds
    resources: tmpdir=/tmp

[Fri Oct 10 15:36:03 2025]
rule figure1:
    input: R/functions.R, R/settings.R, data-raw/functional_data.xlsx
    output: data/figures/figure1/functional_measures.svg
    jobid: 5
    reason: Missing output files: data/figures/figure1/functional_measures.svg
    resources: tmpdir=/tmp

[Fri Oct 10 15:36:07 2025]
Finished job 5.
1 of 11 steps (9%) done
[Fri Oct 10 15:36:18 2025]
Finished job 2.
2 of 11 steps (18%) done
Select jobs to execute...

[Fri Oct 10 15:36:18 2025]
rule figure6:
    input: R/functions.R, R/settings.R, data/df_long.rds, data/df_long_l2fc.rds
    output: data/figures/figure6/ribosomal_proteins.svg, data/figures/figure6/mitochondrial_proteins.svg, data/figures/figure6/structural_go_terms.svg, data/figures/figure6/metabolic_go_terms.svg
    jobid: 10
    reason: Missing output files: data/figures/figure6/ribosomal_proteins.svg, data/figures/figure6/metabolic_go_terms.svg, data/figures/figure6/mitochondrial_proteins.svg, data/figures/figure6/structural_go_terms.svg; Input files updated by another job: data/df_long_l2fc.rds, data/df_long.rds
    resources: tmpdir=/tmp

[Fri Oct 10 15:36:18 2025]
rule limma:
    input: R/functions.R, data/se.rds
    output: data/results_main.rds, data/results_i.rds, data/results_ii.rds, data/results_interaction.rds, data/results_ter_main.rds, data/results_ter_i.rds, data/results_ter_ii.rds, data/results_ter_interaction.rds, data/results_res_main.rds, data/results_res_i.rds, data/results_res_ii.rds, data/results_res_interaction.rds, data/results.rds, data/results_i_and_ii_interaction.rds, data/results_i_interaction.rds, data/results_ii_interaction.rds, data/results_myh_ii_vs_i.rds
    jobid: 1
    reason: Missing output files: data/results_ter_main.rds, data/results.rds, data/results_ter_i.rds, data/results_main.rds, data/results_ter_ii.rds, data/results_ii_interaction.rds, data/results_res_main.rds, data/results_i_interaction.rds, data/results_myh_ii_vs_i.rds, data/results_i_and_ii_interaction.rds, data/results_ii.rds, data/results_i.rds, data/results_interaction.rds, data/results_ter_interaction.rds, data/results_res_ii.rds, data/results_res_i.rds, data/results_res_interaction.rds; Input files updated by another job: data/se.rds
    resources: tmpdir=/tmp

[Fri Oct 10 15:36:26 2025]
Error in rule limma:
    jobid: 1
    input: R/functions.R, data/se.rds
    output: data/results_main.rds, data/results_i.rds, data/results_ii.rds, data/results_interaction.rds, data/results_ter_main.rds, data/results_ter_i.rds, data/results_ter_ii.rds, data/results_ter_interaction.rds, data/results_res_main.rds, data/results_res_i.rds, data/results_res_ii.rds, data/results_res_interaction.rds, data/results.rds, data/results_i_and_ii_interaction.rds, data/results_i_interaction.rds, data/results_ii_interaction.rds, data/results_myh_ii_vs_i.rds

RuleException:
CalledProcessError in file /home/sj/repos/manuscript_beta2_single_fiber_snakemake/snakefile, line 124:
Command 'set -euo pipefail;  Rscript --vanilla /home/sj/repos/manuscript_beta2_single_fiber_snakemake/.snakemake/scripts/tmpchc95g45.limma.R' returned non-zero exit status 1.
  File "/home/sj/repos/manuscript_beta2_single_fiber_snakemake/snakefile", line 124, in __rule_limma
  File "/home/sj/miniforge3/envs/snakemake_env/lib/python3.11/concurrent/futures/thread.py", line 58, in run
[Fri Oct 10 15:37:23 2025]
Finished job 10.
3 of 11 steps (27%) done
Shutting down, this might take some time.
Exiting because a job execution failed. Look above for error message
Complete log: .snakemake/log/2025-10-10T153603.407284.snakemake.log
