Building DAG of jobs...
IncompleteFilesException:
The files below seem to be incomplete. If you are sure that certain files are not incomplete, mark them as complete with

    snakemake --cleanup-metadata <filenames>

To re-generate the files rerun your command with the --rerun-incomplete flag.
Incomplete files:
data/results_main.rds
data/results_i.rds
data/results_ii.rds
data/results_interaction.rds
data/results_ter_main.rds
data/results_ter_i.rds
data/results_ter_ii.rds
data/results_ter_interaction.rds
data/results_res_main.rds
data/results_res_i.rds
data/results_res_ii.rds
data/results_res_interaction.rds
data/results.rds
data/results_i_and_ii_interaction.rds
data/results_i_interaction.rds
data/results_ii_interaction.rds
data/results_myh_ii_vs_i.rds
data/supplementary/Supplementary Table S3.xlsx
