Building DAG of jobs...
Using shell: /usr/bin/bash
Provided cores: 10
Rules claiming more threads will be scaled down.
Job stats:
job        count
-------  -------
all            1
figure4        1
figure5        1
total          3

Select jobs to execute...

[Fri Oct 10 16:29:53 2025]
rule figure4:
    input: R/functions.R, R/settings.R, data/df_long.rds, data/df_long_l2fc_mean.rds, data/results_ter_i.rds, data/results_ter_ii.rds, data/results_res_i.rds, data/results_res_ii.rds, data/gsea_all.rds
    output: data/top25_upregulated.csv, data/myh6_abundances.csv, data/correlations_i_vs_ii.csv, data/correlations_res_vs_b2a.csv, data/figures/figure4/venn.svg, data/figures/figure4/top25_upregulated.svg, data/figures/figure4/myh6.svg, data/figures/figure4/cor_i_vs_ii.svg, data/figures/figure4/cor_res_vs_b2a.svg, data/figures/figure4/gsea.svg
    jobid: 8
    reason: Code has changed since last execution
    resources: tmpdir=/tmp

[Fri Oct 10 16:29:53 2025]
rule figure5:
    input: R/functions.R, R/settings.R, data/results_i_and_ii_interaction.rds, data/results_i_interaction.rds, data/results_ii_interaction.rds, data/gsea_i_and_ii_interaction.rds, data/gsea_i_interaction.rds, data/gsea_ii_interaction.rds
    output: data/figures/figure5/volcanoes.svg, data/figures/figure5/gsea.svg
    jobid: 9
    reason: Code has changed since last execution
    resources: tmpdir=/tmp

[Fri Oct 10 16:29:59 2025]
Finished job 8.
1 of 3 steps (33%) done
[Fri Oct 10 16:30:03 2025]
Finished job 9.
2 of 3 steps (67%) done
Select jobs to execute...

[Fri Oct 10 16:30:03 2025]
localrule all:
    input: data/results.rds, data/results_i_and_ii_interaction.rds, data/results_i_interaction.rds, data/results_ii_interaction.rds, data/results_myh_ii_vs_i.rds, data/gsea_res_i.rds, data/gsea_res_ii.rds, data/gsea_ter_i.rds, data/gsea_ter_ii.rds, data/gsea_all.rds, data/gsea_i_and_ii_interaction.rds, data/gsea_i_interaction.rds, data/gsea_ii_interaction.rds, data/gsea/gsea_results_res_i.csv, data/gsea/gsea_results_res_ii.csv, data/gsea/gsea_results_ter_i.csv, data/gsea/gsea_results_ter_ii.csv, data/gsea/gsea_results_all.csv, data/gsea/gsea_results_i_and_ii_interaction.csv, data/gsea/gsea_results_i_interaction.csv, data/gsea/gsea_results_ii_interaction.csv, data/figures/figure1/functional_measures.svg, data/figures/figure2/myh_distribution.svg, data/figures/figure2/venn_myh.svg, data/figures/figure2/median_log10_intensity.svg, data/figures/figure2/myh_volcano.svg, data/figures/figure2/PCA.svg, data/figures/figure2/loadings.svg, data/myh_distribution.csv, data/figures/figure3/volcanoes.svg, data/figures/figure4/venn.svg, data/figures/figure4/top25_upregulated.svg, data/figures/figure4/myh6.svg, data/figures/figure4/cor_i_vs_ii.svg, data/figures/figure4/cor_res_vs_b2a.svg, data/figures/figure4/gsea.svg, data/top25_upregulated.csv, data/myh6_abundances.csv, data/correlations_i_vs_ii.csv, data/correlations_res_vs_b2a.csv, data/figures/figure5/volcanoes.svg, data/figures/figure5/gsea.svg, data/figures/figure6/ribosomal_proteins.svg, data/figures/figure6/mitochondrial_proteins.svg, data/figures/figure6/structural_go_terms.svg, data/figures/figure6/metabolic_go_terms.svg
    jobid: 0
    reason: Input files updated by another job: data/figures/figure4/gsea.svg, data/correlations_i_vs_ii.csv, data/correlations_res_vs_b2a.csv, data/figures/figure5/volcanoes.svg, data/myh6_abundances.csv, data/figures/figure4/cor_res_vs_b2a.svg, data/figures/figure4/cor_i_vs_ii.svg, data/figures/figure4/top25_upregulated.svg, data/figures/figure5/gsea.svg, data/figures/figure4/myh6.svg, data/figures/figure4/venn.svg, data/top25_upregulated.csv
    resources: tmpdir=/tmp

[Fri Oct 10 16:30:03 2025]
Finished job 0.
3 of 3 steps (100%) done
Complete log: .snakemake/log/2025-10-10T162952.811540.snakemake.log
